[debug] [2023-09-12T02:27:42.841Z] ----------------------------------------------------------------------
[debug] [2023-09-12T02:27:42.843Z] Command:       C:\node.exe C:\Users\bando\AppData\Roaming\npm\node_modules\firebase-tools\lib\bin\firebase.js init
[debug] [2023-09-12T02:27:42.843Z] CLI Version:   12.5.2
[debug] [2023-09-12T02:27:42.844Z] Platform:      win32
[debug] [2023-09-12T02:27:42.844Z] Node Version:  v18.16.0
[debug] [2023-09-12T02:27:42.844Z] Time:          Tue Sep 12 2023 11:27:42 GMT+0900 (日本標準時)
[debug] [2023-09-12T02:27:42.845Z] ----------------------------------------------------------------------
[debug] 
[debug] [2023-09-12T02:27:42.918Z] > command requires scopes: ["email","openid","https://www.googleapis.com/auth/cloudplatformprojects.readonly","https://www.googleapis.com/auth/firebase","https://www.googleapis.com/auth/cloud-platform"]
[debug] [2023-09-12T02:27:42.919Z] > authorizing via signed-in user (freelancernoaccont@gmail.com)
[info] 
     ######## #### ########  ######## ########     ###     ######  ########
     ##        ##  ##     ## ##       ##     ##  ##   ##  ##       ##
     ######    ##  ########  ######   ########  #########  ######  ######
     ##        ##  ##    ##  ##       ##     ## ##     ##       ## ##
     ##       #### ##     ## ######## ########  ##     ##  ######  ########

You're about to initialize a Firebase project in this directory:

  C:\Users\bando\Desktop\個人制作\◆ログイン機能を試すフォルダ\Firebase基本の使い方\my-app

Before we get started, keep in mind:

  * You are initializing within an existing Firebase project directory

